2015-05-22 17:26:16,561 DEBUG 



2015-05-22 17:26:16,561 DEBUG START update download_cnt
2015-05-22 17:26:18,853 DEBUG starting thread (client mode): 0xc2cb8e50L
2015-05-22 17:26:18,856 INFO Connected (version 2.0, client OpenSSH_5.3)
2015-05-22 17:26:18,857 DEBUG kex algos:['diffie-hellman-group-exchange-sha256', 'diffie-hellman-group-exchange-sha1', 'diffie-hellman-group14-sha1', 'diffie-hellman-group1-sha1'] server key:['ssh-rsa', 'ssh-dss'] client encrypt:['aes128-ctr', 'aes192-ctr', 'aes256-ctr', 'arcfour256', 'arcfour128', 'aes128-cbc', '3des-cbc', 'blowfish-cbc', 'cast128-cbc', 'aes192-cbc', 'aes256-cbc', 'arcfour', 'rijndael-cbc@lysator.liu.se'] server encrypt:['aes128-ctr', 'aes192-ctr', 'aes256-ctr', 'arcfour256', 'arcfour128', 'aes128-cbc', '3des-cbc', 'blowfish-cbc', 'cast128-cbc', 'aes192-cbc', 'aes256-cbc', 'arcfour', 'rijndael-cbc@lysator.liu.se'] client mac:['hmac-md5', 'hmac-sha1', 'umac-64@openssh.com', 'hmac-ripemd160', 'hmac-ripemd160@openssh.com', 'hmac-sha1-96', 'hmac-md5-96'] server mac:['hmac-md5', 'hmac-sha1', 'umac-64@openssh.com', 'hmac-ripemd160', 'hmac-ripemd160@openssh.com', 'hmac-sha1-96', 'hmac-md5-96'] client compress:['none', 'zlib@openssh.com'] server compress:['none', 'zlib@openssh.com'] client lang:[''] server lang:[''] kex follows?False
2015-05-22 17:26:18,857 DEBUG Ciphers agreed: local=aes128-ctr, remote=aes128-ctr
2015-05-22 17:26:18,858 DEBUG using kex diffie-hellman-group1-sha1; server key type ssh-rsa; cipher: local aes128-ctr, remote aes128-ctr; mac: local hmac-sha1, remote hmac-sha1; compression: local none, remote none
2015-05-22 17:26:18,873 DEBUG Switch to new keys ...
2015-05-22 17:26:21,824 DEBUG starting thread (client mode): 0xc2515650L
2015-05-22 17:26:21,828 INFO Connected (version 2.0, client OpenSSH_5.3)
2015-05-22 17:26:21,829 DEBUG kex algos:['diffie-hellman-group-exchange-sha256', 'diffie-hellman-group-exchange-sha1', 'diffie-hellman-group14-sha1', 'diffie-hellman-group1-sha1'] server key:['ssh-rsa', 'ssh-dss'] client encrypt:['aes128-ctr', 'aes192-ctr', 'aes256-ctr', 'arcfour256', 'arcfour128', 'aes128-cbc', '3des-cbc', 'blowfish-cbc', 'cast128-cbc', 'aes192-cbc', 'aes256-cbc', 'arcfour', 'rijndael-cbc@lysator.liu.se'] server encrypt:['aes128-ctr', 'aes192-ctr', 'aes256-ctr', 'arcfour256', 'arcfour128', 'aes128-cbc', '3des-cbc', 'blowfish-cbc', 'cast128-cbc', 'aes192-cbc', 'aes256-cbc', 'arcfour', 'rijndael-cbc@lysator.liu.se'] client mac:['hmac-md5', 'hmac-sha1', 'umac-64@openssh.com', 'hmac-ripemd160', 'hmac-ripemd160@openssh.com', 'hmac-sha1-96', 'hmac-md5-96'] server mac:['hmac-md5', 'hmac-sha1', 'umac-64@openssh.com', 'hmac-ripemd160', 'hmac-ripemd160@openssh.com', 'hmac-sha1-96', 'hmac-md5-96'] client compress:['none', 'zlib@openssh.com'] server compress:['none', 'zlib@openssh.com'] client lang:[''] server lang:[''] kex follows?False
2015-05-22 17:26:21,830 DEBUG Ciphers agreed: local=aes128-ctr, remote=aes128-ctr
2015-05-22 17:26:21,830 DEBUG using kex diffie-hellman-group1-sha1; server key type ssh-rsa; cipher: local aes128-ctr, remote aes128-ctr; mac: local hmac-sha1, remote hmac-sha1; compression: local none, remote none
2015-05-22 17:26:21,877 DEBUG Switch to new keys ...
2015-05-22 17:26:21,917 DEBUG userauth is OK
2015-05-22 17:26:21,928 INFO Authentication (password) successful!
2015-05-22 17:26:21,958 DEBUG [chan 1] Max packet in: 34816 bytes
2015-05-22 17:26:21,959 DEBUG [chan 1] Max packet out: 32768 bytes
2015-05-22 17:26:21,960 INFO Secsh channel 1 opened.
2015-05-22 17:26:21,963 DEBUG [chan 1] Sesch channel 1 request ok
2015-05-22 17:26:21,980 INFO [chan 1] Opened sftp connection (server version 3)
2015-05-22 17:26:21,980 DEBUG [chan 1] normalize('.')
2015-05-22 17:26:21,981 DEBUG [chan 1] lstat('/home/mgmt')
2015-05-22 17:26:21,983 DEBUG [chan 1] stat('/home/mgmt')
2015-05-22 17:26:21,984 DEBUG [chan 1] open('/home/mgmt/iplay_ad_info.sql', 'wb')
2015-05-22 17:26:21,986 DEBUG [chan 1] open('/home/mgmt/iplay_ad_info.sql', 'wb') -> 00000000
2015-05-22 17:26:21,987 DEBUG [chan 1] close(00000000)
2015-05-22 17:26:21,988 DEBUG [chan 1] stat('/home/mgmt/iplay_ad_info.sql')
2015-05-22 17:26:21,990 INFO [chan 1] sftp session closed.
2015-05-22 17:26:21,990 DEBUG [chan 1] EOF sent (1)
2015-05-22 17:26:21,991 DEBUG True
2015-05-22 17:26:21,992 DEBUG END update download_cnt
2015-05-22 17:26:21,992 DEBUG [chan 1] EOF received (1)
2015-05-22 17:26:22,079 DEBUG EOF in transport thread
